0 info it worked if it ends with ok
1 verbose cli [ 'E:\\tools\\nodejs\\node.exe',
1 verbose cli   'E:\\tools\\nodejs\\node_modules\\npm\\bin\\npm-cli.js',
1 verbose cli   'run-script',
1 verbose cli   'start' ]
2 info using npm@3.10.10
3 info using node@v6.10.3
4 verbose run-script [ 'prestart', 'start', 'poststart' ]
5 info lifecycle material-ui-example-webpack@0.16.4~prestart: material-ui-example-webpack@0.16.4
6 silly lifecycle material-ui-example-webpack@0.16.4~prestart: no script for prestart, continuing
7 info lifecycle material-ui-example-webpack@0.16.4~start: material-ui-example-webpack@0.16.4
8 verbose lifecycle material-ui-example-webpack@0.16.4~start: unsafe-perm in lifecycle true
9 verbose lifecycle material-ui-example-webpack@0.16.4~start: PATH: E:\tools\nodejs\node_modules\npm\bin\node-gyp-bin;H:\react\material-ui-webpack-example-master\node_modules\.bin;C:\ProgramData\Oracle\Java\javapath;C:\Program Files (x86)\Intel\iCLS Client\;C:\Program Files\Intel\iCLS Client\;C:\WINDOWS\system32;C:\WINDOWS;C:\WINDOWS\System32\Wbem;C:\WINDOWS\System32\WindowsPowerShell\v1.0\;C:\Program Files (x86)\AMD\ATI.ACE\Core-Static;C:\Program Files\Intel\Intel(R) Management Engine Components\DAL;C:\Program Files (x86)\Intel\Intel(R) Management Engine Components\DAL;C:\Program Files\Intel\Intel(R) Management Engine Components\IPT;C:\Program Files (x86)\Intel\Intel(R) Management Engine Components\IPT;C:\Program Files (x86)\ATI Technologies\ATI.ACE\Core-Static;C:\Program Files (x86)\MySQL\MySQL Fabric 1.5 & MySQL Utilities 1.5\;C:\Program Files (x86)\MySQL\MySQL Fabric 1.5 & MySQL Utilities 1.5\Doctrine extensions for PHP\;E:\tools\nodejs\;E:\Program Files\Git\bin;C:\Users\fylder\AppData\Local\Microsoft\WindowsApps;C:\Program Files (x86)\Python27;C:\Users\fylder\AppData\Roaming\npm
10 verbose lifecycle material-ui-example-webpack@0.16.4~start: CWD: H:\react\material-ui-webpack-example-master
11 silly lifecycle material-ui-example-webpack@0.16.4~start: Args: [ '/d /s /c',
11 silly lifecycle   'webpack-dev-server --config webpack-dev-server.config.js --progress --inline --colors' ]
12 silly lifecycle material-ui-example-webpack@0.16.4~start: Returned: code: 1  signal: null
13 info lifecycle material-ui-example-webpack@0.16.4~start: Failed to exec start script
14 verbose stack Error: material-ui-example-webpack@0.16.4 start: `webpack-dev-server --config webpack-dev-server.config.js --progress --inline --colors`
14 verbose stack Exit status 1
14 verbose stack     at EventEmitter.<anonymous> (E:\tools\nodejs\node_modules\npm\lib\utils\lifecycle.js:255:16)
14 verbose stack     at emitTwo (events.js:106:13)
14 verbose stack     at EventEmitter.emit (events.js:191:7)
14 verbose stack     at ChildProcess.<anonymous> (E:\tools\nodejs\node_modules\npm\lib\utils\spawn.js:40:14)
14 verbose stack     at emitTwo (events.js:106:13)
14 verbose stack     at ChildProcess.emit (events.js:191:7)
14 verbose stack     at maybeClose (internal/child_process.js:886:16)
14 verbose stack     at Process.ChildProcess._handle.onexit (internal/child_process.js:226:5)
15 verbose pkgid material-ui-example-webpack@0.16.4
16 verbose cwd H:\react\material-ui-webpack-example-master
17 error Windows_NT 10.0.15063
18 error argv "E:\\tools\\nodejs\\node.exe" "E:\\tools\\nodejs\\node_modules\\npm\\bin\\npm-cli.js" "run-script" "start"
19 error node v6.10.3
20 error npm  v3.10.10
21 error code ELIFECYCLE
22 error material-ui-example-webpack@0.16.4 start: `webpack-dev-server --config webpack-dev-server.config.js --progress --inline --colors`
22 error Exit status 1
23 error Failed at the material-ui-example-webpack@0.16.4 start script 'webpack-dev-server --config webpack-dev-server.config.js --progress --inline --colors'.
23 error Make sure you have the latest version of node.js and npm installed.
23 error If you do, this is most likely a problem with the material-ui-example-webpack package,
23 error not with npm itself.
23 error Tell the author that this fails on your system:
23 error     webpack-dev-server --config webpack-dev-server.config.js --progress --inline --colors
23 error You can get information on how to open an issue for this project with:
23 error     npm bugs material-ui-example-webpack
23 error Or if that isn't available, you can get their info via:
23 error     npm owner ls material-ui-example-webpack
23 error There is likely additional logging output above.
24 verbose exit [ 1, true ]
